[0.041s] Invoking command in '/home/pedro/robot_ws/build/turtlebot3_multi_robot': CMAKE_PREFIX_PATH=/home/pedro/ros2_ws/install/multi_turtlebot3_sim:/opt/ros/humble /usr/bin/cmake /home/pedro/robot_ws/src/turtlebot3_multi_robot -DAMENT_CMAKE_SYMLINK_INSTALL=1 -DCMAKE_INSTALL_PREFIX=/home/pedro/robot_ws/install/turtlebot3_multi_robot
[0.248s] -- The C compiler identification is GNU 11.4.0
[0.420s] -- The CXX compiler identification is GNU 11.4.0
[0.446s] -- Detecting C compiler ABI info
[0.616s] -- Detecting C compiler ABI info - done
[0.643s] -- Check for working C compiler: /usr/bin/cc - skipped
[0.644s] -- Detecting C compile features
[0.646s] -- Detecting C compile features - done
[0.655s] -- Detecting CXX compiler ABI info
[0.837s] -- Detecting CXX compiler ABI info - done
[0.863s] -- Check for working CXX compiler: /usr/bin/c++ - skipped
[0.864s] -- Detecting CXX compile features
[0.865s] -- Detecting CXX compile features - done
[0.875s] -- Found ament_cmake: 1.3.10 (/opt/ros/humble/share/ament_cmake/cmake)
[1.163s] -- Found Python3: /usr/bin/python3 (found version "3.10.12") found components: Interpreter 
[1.284s] -- Override CMake install command with custom implementation using symlinks instead of copying resources
[1.482s] -- Configuring done
[1.491s] -- Generating done
[1.492s] -- Build files have been written to: /home/pedro/robot_ws/build/turtlebot3_multi_robot
[1.501s] Invoked command in '/home/pedro/robot_ws/build/turtlebot3_multi_robot' returned '0': CMAKE_PREFIX_PATH=/home/pedro/ros2_ws/install/multi_turtlebot3_sim:/opt/ros/humble /usr/bin/cmake /home/pedro/robot_ws/src/turtlebot3_multi_robot -DAMENT_CMAKE_SYMLINK_INSTALL=1 -DCMAKE_INSTALL_PREFIX=/home/pedro/robot_ws/install/turtlebot3_multi_robot
[1.506s] Invoking command in '/home/pedro/robot_ws/build/turtlebot3_multi_robot': CMAKE_PREFIX_PATH=/home/pedro/ros2_ws/install/multi_turtlebot3_sim:/opt/ros/humble /usr/bin/cmake --build /home/pedro/robot_ws/build/turtlebot3_multi_robot -- -j8 -l8
[1.595s] Invoked command in '/home/pedro/robot_ws/build/turtlebot3_multi_robot' returned '0': CMAKE_PREFIX_PATH=/home/pedro/ros2_ws/install/multi_turtlebot3_sim:/opt/ros/humble /usr/bin/cmake --build /home/pedro/robot_ws/build/turtlebot3_multi_robot -- -j8 -l8
[1.666s] Invoking command in '/home/pedro/robot_ws/build/turtlebot3_multi_robot': CMAKE_PREFIX_PATH=/home/pedro/ros2_ws/install/multi_turtlebot3_sim:/opt/ros/humble /usr/bin/cmake --install /home/pedro/robot_ws/build/turtlebot3_multi_robot
[1.680s] -- Install configuration: ""
[1.680s] -- Execute custom install script
[1.681s] -- Symlinking: /home/pedro/robot_ws/install/turtlebot3_multi_robot/share/turtlebot3_multi_robot//launch/gazebo_multi_nav2_world.launch.py
[1.707s] -- Symlinking: /home/pedro/robot_ws/install/turtlebot3_multi_robot/share/turtlebot3_multi_robot//launch/gazebo_multi_world.launch.py
[1.725s] -- Symlinking: /home/pedro/robot_ws/install/turtlebot3_multi_robot/share/turtlebot3_multi_robot//launch/nav2_bringup/bringup_launch.py
[1.743s] -- Symlinking: /home/pedro/robot_ws/install/turtlebot3_multi_robot/share/turtlebot3_multi_robot//launch/nav2_bringup/localization_launch.py
[1.763s] -- Symlinking: /home/pedro/robot_ws/install/turtlebot3_multi_robot/share/turtlebot3_multi_robot//launch/nav2_bringup/navigation_launch.py
[1.781s] -- Symlinking: /home/pedro/robot_ws/install/turtlebot3_multi_robot/share/turtlebot3_multi_robot//launch/nav2_bringup/rviz_launch.py
[1.801s] -- Symlinking: /home/pedro/robot_ws/install/turtlebot3_multi_robot/share/turtlebot3_multi_robot//launch/nav2_bringup/slam_launch.py
[1.827s] -- Symlinking: /home/pedro/robot_ws/install/turtlebot3_multi_robot/share/turtlebot3_multi_robot//models/turtlebot3_burger/meshes/burger_base.dae
[1.847s] -- Symlinking: /home/pedro/robot_ws/install/turtlebot3_multi_robot/share/turtlebot3_multi_robot//models/turtlebot3_burger/meshes/lds.dae
[1.866s] -- Symlinking: /home/pedro/robot_ws/install/turtlebot3_multi_robot/share/turtlebot3_multi_robot//models/turtlebot3_burger/meshes/tire.dae
[1.885s] -- Symlinking: /home/pedro/robot_ws/install/turtlebot3_multi_robot/share/turtlebot3_multi_robot//models/turtlebot3_burger/model-1_4.sdf
[1.904s] -- Symlinking: /home/pedro/robot_ws/install/turtlebot3_multi_robot/share/turtlebot3_multi_robot//models/turtlebot3_burger/model.config
[1.923s] -- Symlinking: /home/pedro/robot_ws/install/turtlebot3_multi_robot/share/turtlebot3_multi_robot//models/turtlebot3_burger/model.sdf
[1.941s] -- Symlinking: /home/pedro/robot_ws/install/turtlebot3_multi_robot/share/turtlebot3_multi_robot//models/turtlebot3_waffle/meshes/lds.dae
[1.959s] -- Symlinking: /home/pedro/robot_ws/install/turtlebot3_multi_robot/share/turtlebot3_multi_robot//models/turtlebot3_waffle/meshes/r200.dae
[1.978s] -- Symlinking: /home/pedro/robot_ws/install/turtlebot3_multi_robot/share/turtlebot3_multi_robot//models/turtlebot3_waffle/meshes/tire.dae
[1.997s] -- Symlinking: /home/pedro/robot_ws/install/turtlebot3_multi_robot/share/turtlebot3_multi_robot//models/turtlebot3_waffle/meshes/waffle_base.dae
[2.021s] -- Symlinking: /home/pedro/robot_ws/install/turtlebot3_multi_robot/share/turtlebot3_multi_robot//models/turtlebot3_waffle/model-1_4.sdf
[2.039s] -- Symlinking: /home/pedro/robot_ws/install/turtlebot3_multi_robot/share/turtlebot3_multi_robot//models/turtlebot3_waffle/model.config
[2.058s] -- Symlinking: /home/pedro/robot_ws/install/turtlebot3_multi_robot/share/turtlebot3_multi_robot//models/turtlebot3_waffle/model.sdf
[2.081s] -- Symlinking: /home/pedro/robot_ws/install/turtlebot3_multi_robot/share/turtlebot3_multi_robot//models/turtlebot3_waffle/model_nocamera.sdf
[2.107s] -- Symlinking: /home/pedro/robot_ws/install/turtlebot3_multi_robot/share/turtlebot3_multi_robot//rviz/multi_nav2_default_view.rviz
[2.126s] -- Symlinking: /home/pedro/robot_ws/install/turtlebot3_multi_robot/share/turtlebot3_multi_robot//rviz/nav2_default_view.rviz
[2.145s] -- Symlinking: /home/pedro/robot_ws/install/turtlebot3_multi_robot/share/turtlebot3_multi_robot//urdf/common_properties.urdf
[2.163s] -- Symlinking: /home/pedro/robot_ws/install/turtlebot3_multi_robot/share/turtlebot3_multi_robot//urdf/turtlebot3_burger.urdf
[2.181s] -- Symlinking: /home/pedro/robot_ws/install/turtlebot3_multi_robot/share/turtlebot3_multi_robot//urdf/turtlebot3_waffle.urdf
[2.200s] -- Symlinking: /home/pedro/robot_ws/install/turtlebot3_multi_robot/share/turtlebot3_multi_robot//worlds/multi_empty_world.world
[2.217s] -- Symlinking: /home/pedro/robot_ws/install/turtlebot3_multi_robot/share/turtlebot3_multi_robot//worlds/multi_robot_world.world
[2.237s] -- Symlinking: /home/pedro/robot_ws/install/turtlebot3_multi_robot/share/turtlebot3_multi_robot//params/nav2_params.yaml
[2.257s] -- Symlinking: /home/pedro/robot_ws/install/turtlebot3_multi_robot/share/turtlebot3_multi_robot/environment/multi_robot.dsv
[2.278s] -- Symlinking: /home/pedro/robot_ws/install/turtlebot3_multi_robot/share/ament_index/resource_index/package_run_dependencies/turtlebot3_multi_robot
[2.298s] -- Symlinking: /home/pedro/robot_ws/install/turtlebot3_multi_robot/share/ament_index/resource_index/parent_prefix_path/turtlebot3_multi_robot
[2.316s] -- Symlinking: /home/pedro/robot_ws/install/turtlebot3_multi_robot/share/turtlebot3_multi_robot/environment/ament_prefix_path.sh
[2.336s] -- Symlinking: /home/pedro/robot_ws/install/turtlebot3_multi_robot/share/turtlebot3_multi_robot/environment/ament_prefix_path.dsv
[2.362s] -- Symlinking: /home/pedro/robot_ws/install/turtlebot3_multi_robot/share/turtlebot3_multi_robot/environment/path.sh
[2.388s] -- Symlinking: /home/pedro/robot_ws/install/turtlebot3_multi_robot/share/turtlebot3_multi_robot/environment/path.dsv
[2.408s] -- Symlinking: /home/pedro/robot_ws/install/turtlebot3_multi_robot/share/turtlebot3_multi_robot/local_setup.bash
[2.429s] -- Symlinking: /home/pedro/robot_ws/install/turtlebot3_multi_robot/share/turtlebot3_multi_robot/local_setup.sh
[2.449s] -- Symlinking: /home/pedro/robot_ws/install/turtlebot3_multi_robot/share/turtlebot3_multi_robot/local_setup.zsh
[2.468s] -- Symlinking: /home/pedro/robot_ws/install/turtlebot3_multi_robot/share/turtlebot3_multi_robot/local_setup.dsv
[2.487s] -- Symlinking: /home/pedro/robot_ws/install/turtlebot3_multi_robot/share/turtlebot3_multi_robot/package.dsv
[2.506s] -- Symlinking: /home/pedro/robot_ws/install/turtlebot3_multi_robot/share/ament_index/resource_index/packages/turtlebot3_multi_robot
[2.526s] -- Symlinking: /home/pedro/robot_ws/install/turtlebot3_multi_robot/share/turtlebot3_multi_robot/cmake/turtlebot3_multi_robotConfig.cmake
[2.545s] -- Symlinking: /home/pedro/robot_ws/install/turtlebot3_multi_robot/share/turtlebot3_multi_robot/cmake/turtlebot3_multi_robotConfig-version.cmake
[2.565s] -- Symlinking: /home/pedro/robot_ws/install/turtlebot3_multi_robot/share/turtlebot3_multi_robot/package.xml
[2.591s] Invoked command in '/home/pedro/robot_ws/build/turtlebot3_multi_robot' returned '0': CMAKE_PREFIX_PATH=/home/pedro/ros2_ws/install/multi_turtlebot3_sim:/opt/ros/humble /usr/bin/cmake --install /home/pedro/robot_ws/build/turtlebot3_multi_robot
